Using pre-set license
Built from '6000.0/release' branch; Version is '6000.0.43f1 (97272b72f107) revision 9905963'; Using compiler version '193933523'; Build Type 'Release'
OS: 'Windows 11  (10.0.26100) 64bit CoreSingleLanguage' Language: 'es' Physical Memory: 16076 MB
BatchMode: 1, IsHumanControllingUs: 0, StartBugReporterOnCrash: 0, Is64bit: 1, IsPro: 1

COMMAND LINE ARGUMENTS:
C:\Program Files\Unity\Hub\Editor\6000.0.43f1\Editor\Unity.exe
-adb2
-batchMode
-noUpm
-name
AssetImportWorker2
-projectPath
C:/Users/ricas/OneDrive/Escritorio/AGRV - Practica Unity/Practica Unity
-logFile
Logs/AssetImportWorker2.log
-srvPort
57759
-job-worker-count
5
-background-job-worker-count
8
-gc-helper-count
1
Successfully changed project path to: C:/Users/ricas/OneDrive/Escritorio/AGRV - Practica Unity/Practica Unity
C:/Users/ricas/OneDrive/Escritorio/AGRV - Practica Unity/Practica Unity
[UnityMemory] Configuration Parameters - Can be set up in boot.config
    "memorysetup-bucket-allocator-granularity=16"
    "memorysetup-bucket-allocator-bucket-count=8"
    "memorysetup-bucket-allocator-block-size=33554432"
    "memorysetup-bucket-allocator-block-count=8"
    "memorysetup-main-allocator-block-size=16777216"
    "memorysetup-thread-allocator-block-size=16777216"
    "memorysetup-gfx-main-allocator-block-size=16777216"
    "memorysetup-gfx-thread-allocator-block-size=16777216"
    "memorysetup-cache-allocator-block-size=4194304"
    "memorysetup-typetree-allocator-block-size=2097152"
    "memorysetup-profiler-bucket-allocator-granularity=16"
    "memorysetup-profiler-bucket-allocator-bucket-count=8"
    "memorysetup-profiler-bucket-allocator-block-size=33554432"
    "memorysetup-profiler-bucket-allocator-block-count=8"
    "memorysetup-profiler-allocator-block-size=16777216"
    "memorysetup-profiler-editor-allocator-block-size=1048576"
    "memorysetup-temp-allocator-size-main=16777216"
    "memorysetup-job-temp-allocator-block-size=2097152"
    "memorysetup-job-temp-allocator-block-size-background=1048576"
    "memorysetup-job-temp-allocator-reduction-small-platforms=262144"
    "memorysetup-allocator-temp-initial-block-size-main=262144"
    "memorysetup-allocator-temp-initial-block-size-worker=262144"
    "memorysetup-temp-allocator-size-background-worker=32768"
    "memorysetup-temp-allocator-size-job-worker=262144"
    "memorysetup-temp-allocator-size-preload-manager=33554432"
    "memorysetup-temp-allocator-size-nav-mesh-worker=65536"
    "memorysetup-temp-allocator-size-audio-worker=65536"
    "memorysetup-temp-allocator-size-cloud-worker=32768"
    "memorysetup-temp-allocator-size-gi-baking-worker=262144"
    "memorysetup-temp-allocator-size-gi-baking-worker=262144"
    "memorysetup-temp-allocator-size-gi-baking-worker=262144"
    "memorysetup-temp-allocator-size-gi-baking-worker=262144"
    "memorysetup-temp-allocator-size-gi-baking-worker=262144"
    "memorysetup-temp-allocator-size-gfx=262144"
Player connection [7532]  Target information:

Player connection [7532]  * "[IP] 172.31.134.227 [Port] 0 [Flags] 2 [Guid] 802039015 [EditorId] 802039015 [Version] 1048832 [Id] WindowsEditor(7,DSSCULSA) [Debug] 1 [PackageName] WindowsEditor [ProjectName] Editor" 

Player connection [7532] Host joined multi-casting on [225.0.0.222:54997]...
Player connection [7532] Host joined alternative multi-casting on [225.0.0.222:34997]...
JobSystem: Creating JobQueue using job-worker-count value 5
Input System module state changed to: Initialized.
[Physics::Module] Initialized fallback backend.
[Physics::Module] Id: 0xdecafbad
Library Redirect Path: Library/
[Physics::Module] Selected backend.
[Physics::Module] Name: PhysX
[Physics::Module] Id: 0xf2b8ea05
[Physics::Module] SDK Version: 4.1.2
[Physics::Module] Integration Version: 1.0.0
[Physics::Module] Threading Mode: Multi-Threaded
Refreshing native plugins compatible for Editor in 3.29 ms, found 3 plugins.
Preloading 0 native plugins for Editor in 0.00 ms.
Initialize engine version: 6000.0.43f1 (97272b72f107)
[Subsystems] Discovering subsystems at path C:/Program Files/Unity/Hub/Editor/6000.0.43f1/Editor/Data/Resources/UnitySubsystems
[Subsystems] Discovering subsystems at path C:/Users/ricas/OneDrive/Escritorio/AGRV - Practica Unity/Practica Unity/Assets
GfxDevice: creating device client; kGfxThreadingModeNonThreaded
Direct3D:
    Version:  Direct3D 11.0 [level 11.1]
    Renderer: Intel(R) UHD Graphics (ID=0x46a3)
    Vendor:   Intel
    VRAM:     8038 MB
    Driver:   32.0.101.5763
Initialize mono
Mono path[0] = 'C:/Program Files/Unity/Hub/Editor/6000.0.43f1/Editor/Data/Managed'
Mono path[1] = 'C:/Program Files/Unity/Hub/Editor/6000.0.43f1/Editor/Data/MonoBleedingEdge/lib/mono/unityjit-win32'
Mono config path = 'C:/Program Files/Unity/Hub/Editor/6000.0.43f1/Editor/Data/MonoBleedingEdge/etc'
Using monoOptions --debugger-agent=transport=dt_socket,embedding=1,server=y,suspend=n,address=127.0.0.1:56460
Begin MonoManager ReloadAssembly
Registering precompiled unity dll's ...
Register platform support module: C:/Program Files/Unity/Hub/Editor/6000.0.43f1/Editor/Data/PlaybackEngines/WindowsStandaloneSupport/UnityEditor.WindowsStandalone.Extensions.dll
Registered in 0.003551 seconds.
- Loaded All Assemblies, in  0.648 seconds
Native extension for WindowsStandalone target not found
Mono: successfully reloaded assembly
- Finished resetting the current domain, in  0.464 seconds
Domain Reload Profiling: 1107ms
	BeginReloadAssembly (210ms)
		ExecutionOrderSort (0ms)
		DisableScriptedObjects (0ms)
		BackupInstance (0ms)
		ReleaseScriptingObjects (0ms)
		CreateAndSetChildDomain (1ms)
	RebuildCommonClasses (59ms)
	RebuildNativeTypeToScriptingClass (15ms)
	initialDomainReloadingComplete (74ms)
	LoadAllAssembliesAndSetupDomain (285ms)
		LoadAssemblies (207ms)
		RebuildTransferFunctionScriptingTraits (0ms)
		AnalyzeDomain (280ms)
			TypeCache.Refresh (278ms)
				TypeCache.ScanAssembly (259ms)
			BuildScriptInfoCaches (0ms)
			ResolveRequiredComponents (1ms)
	FinalizeReload (464ms)
		ReleaseScriptCaches (0ms)
		RebuildScriptCaches (0ms)
		SetupLoadedEditorAssemblies (422ms)
			LogAssemblyErrors (0ms)
			InitializePlatformSupportModulesInManaged (37ms)
			SetLoadedEditorAssemblies (8ms)
			BeforeProcessingInitializeOnLoad (84ms)
			ProcessInitializeOnLoadAttributes (221ms)
			ProcessInitializeOnLoadMethodAttributes (72ms)
			AfterProcessingInitializeOnLoad (0ms)
			EditorAssembliesLoaded (0ms)
		ExecutionOrderSort2 (0ms)
		AwakeInstancesAfterBackupRestoration (0ms)
========================================================================
Worker process is ready to serve import requests
Import Worker Mode flag is 0x00
Begin MonoManager ReloadAssembly
- Loaded All Assemblies, in  1.264 seconds
Refreshing native plugins compatible for Editor in 1.49 ms, found 3 plugins.
Native extension for WindowsStandalone target not found
Mono: successfully reloaded assembly
- Finished resetting the current domain, in  1.516 seconds
Domain Reload Profiling: 2774ms
	BeginReloadAssembly (312ms)
		ExecutionOrderSort (0ms)
		DisableScriptedObjects (10ms)
		BackupInstance (0ms)
		ReleaseScriptingObjects (0ms)
		CreateAndSetChildDomain (46ms)
	RebuildCommonClasses (66ms)
	RebuildNativeTypeToScriptingClass (22ms)
	initialDomainReloadingComplete (78ms)
	LoadAllAssembliesAndSetupDomain (780ms)
		LoadAssemblies (628ms)
		RebuildTransferFunctionScriptingTraits (0ms)
		AnalyzeDomain (358ms)
			TypeCache.Refresh (251ms)
				TypeCache.ScanAssembly (229ms)
			BuildScriptInfoCaches (81ms)
			ResolveRequiredComponents (21ms)
	FinalizeReload (1516ms)
		ReleaseScriptCaches (0ms)
		RebuildScriptCaches (0ms)
		SetupLoadedEditorAssemblies (1246ms)
			LogAssemblyErrors (0ms)
			InitializePlatformSupportModulesInManaged (5ms)
			SetLoadedEditorAssemblies (9ms)
			BeforeProcessingInitializeOnLoad (185ms)
			ProcessInitializeOnLoadAttributes (839ms)
			ProcessInitializeOnLoadMethodAttributes (197ms)
			AfterProcessingInitializeOnLoad (11ms)
			EditorAssembliesLoaded (1ms)
		ExecutionOrderSort2 (0ms)
		AwakeInstancesAfterBackupRestoration (10ms)
Launched and connected shader compiler UnityShaderCompiler.exe after 0.03 seconds
Refreshing native plugins compatible for Editor in 1.16 ms, found 3 plugins.
Preloading 0 native plugins for Editor in 0.00 ms.
Unloading 198 Unused Serialized files (Serialized files now loaded: 0)
Unloading 5954 unused Assets / (6.3 MB). Loaded Objects now: 6597.
Memory consumption went from 156.6 MB to 150.4 MB.
Total: 11.337100 ms (FindLiveObjects: 1.353100 ms CreateObjectMapping: 0.558800 ms MarkObjects: 6.120200 ms  DeleteObjects: 3.303200 ms)

========================================================================
Received Import Request.
  Time since last request: 435583.978733 seconds.
  path: Assets/Kenney - Prototype/Models/OBJ format/figurine-cube-detailed.obj
  artifactKey: Guid(56f506349f0a5d44ebb60048c936db3f) Importer(815301076,1909f56bfc062723c751e8b465ee728b)
Start importing Assets/Kenney - Prototype/Models/OBJ format/figurine-cube-detailed.obj using Guid(56f506349f0a5d44ebb60048c936db3f) Importer(815301076,1909f56bfc062723c751e8b465ee728b) (PreviewImporter) -> (artifact id: '36d1b725a4b9fb96c034048840a8fbcc') in 0.8484088 seconds
Number of updated asset objects reloaded before import = 0Number of asset objects unloaded after import = 38

========================================================================
Received Import Request.
  Time since last request: 0.098698 seconds.
  path: Assets/Kenney - Prototype/Models/OBJ format/floor-square.obj
  artifactKey: Guid(c8b5cf305a395164cbdc5a680296c966) Importer(815301076,1909f56bfc062723c751e8b465ee728b)
Start importing Assets/Kenney - Prototype/Models/OBJ format/floor-square.obj using Guid(c8b5cf305a395164cbdc5a680296c966) Importer(815301076,1909f56bfc062723c751e8b465ee728b) (PreviewImporter) -> (artifact id: 'c523afe15a777837c2f71e96fb35cd73') in 0.0504726 seconds
Number of updated asset objects reloaded before import = 0Number of asset objects unloaded after import = 11

========================================================================
Received Import Request.
  Time since last request: 0.000028 seconds.
  path: Assets/Kenney - Prototype/Models/OBJ format/floor-thick-corner-round.obj
  artifactKey: Guid(4a470a38f7ebced47814dc8f982303a2) Importer(815301076,1909f56bfc062723c751e8b465ee728b)
Start importing Assets/Kenney - Prototype/Models/OBJ format/floor-thick-corner-round.obj using Guid(4a470a38f7ebced47814dc8f982303a2) Importer(815301076,1909f56bfc062723c751e8b465ee728b) (PreviewImporter) -> (artifact id: '93f9a3f1459282d0d326e462b851bfe9') in 0.0515819 seconds
Number of updated asset objects reloaded before import = 0Number of asset objects unloaded after import = 11

========================================================================
Received Import Request.
  Time since last request: 0.000067 seconds.
  path: Assets/Kenney - Prototype/Models/OBJ format/indicator-doorway.obj
  artifactKey: Guid(5fc05dbf2b4e3e845891f45598a848ad) Importer(815301076,1909f56bfc062723c751e8b465ee728b)
Start importing Assets/Kenney - Prototype/Models/OBJ format/indicator-doorway.obj using Guid(5fc05dbf2b4e3e845891f45598a848ad) Importer(815301076,1909f56bfc062723c751e8b465ee728b) (PreviewImporter) -> (artifact id: '9c3138fb8f8a4af6c83a67f04a8776ec') in 0.0411063 seconds
Number of updated asset objects reloaded before import = 0Number of asset objects unloaded after import = 11

========================================================================
Received Import Request.
  Time since last request: 0.000046 seconds.
  path: Assets/Kenney - Prototype/Models/OBJ format/indicator-round-b.obj
  artifactKey: Guid(36c234f05324a664cb24df005a851efb) Importer(815301076,1909f56bfc062723c751e8b465ee728b)
Start importing Assets/Kenney - Prototype/Models/OBJ format/indicator-round-b.obj using Guid(36c234f05324a664cb24df005a851efb) Importer(815301076,1909f56bfc062723c751e8b465ee728b) (PreviewImporter) -> (artifact id: '4954e775e8bc87812b78effa99fa9c42') in 0.0561627 seconds
Number of updated asset objects reloaded before import = 0Number of asset objects unloaded after import = 11

========================================================================
Received Import Request.
  Time since last request: 0.633096 seconds.
  path: Assets/Kenney - Prototype/Models/OBJ format/indicator-round-e.obj
  artifactKey: Guid(3dc8bb029724d7247a19c3a039a72312) Importer(815301076,1909f56bfc062723c751e8b465ee728b)
Start importing Assets/Kenney - Prototype/Models/OBJ format/indicator-round-e.obj using Guid(3dc8bb029724d7247a19c3a039a72312) Importer(815301076,1909f56bfc062723c751e8b465ee728b) (PreviewImporter) -> (artifact id: '4390e303f5e72cd1809700e6e84acb6e') in 0.0461831 seconds
Number of updated asset objects reloaded before import = 0Number of asset objects unloaded after import = 11

========================================================================
Received Import Request.
  Time since last request: 0.000030 seconds.
  path: Assets/Kenney - Prototype/Models/OBJ format/indicator-special-cross.obj
  artifactKey: Guid(4fb14f9fb66dde441aca7f00f63d0b4e) Importer(815301076,1909f56bfc062723c751e8b465ee728b)
Start importing Assets/Kenney - Prototype/Models/OBJ format/indicator-special-cross.obj using Guid(4fb14f9fb66dde441aca7f00f63d0b4e) Importer(815301076,1909f56bfc062723c751e8b465ee728b) (PreviewImporter) -> (artifact id: 'eb85e02be968e65865896f591ffd1a01') in 0.0417881 seconds
Number of updated asset objects reloaded before import = 0Number of asset objects unloaded after import = 11

========================================================================
Received Import Request.
  Time since last request: 1.835752 seconds.
  path: Assets/Kenney - Prototype/Models/OBJ format/indicator-square-a.obj
  artifactKey: Guid(82904f1bf257d8043b4b555b422fc7f4) Importer(815301076,1909f56bfc062723c751e8b465ee728b)
Start importing Assets/Kenney - Prototype/Models/OBJ format/indicator-square-a.obj using Guid(82904f1bf257d8043b4b555b422fc7f4) Importer(815301076,1909f56bfc062723c751e8b465ee728b) (PreviewImporter) -> (artifact id: '450d570a74e223dae65f756b97424a08') in 0.0503006 seconds
Number of updated asset objects reloaded before import = 0Number of asset objects unloaded after import = 11

========================================================================
Received Import Request.
  Time since last request: 0.000035 seconds.
  path: Assets/Kenney - Prototype/Models/OBJ format/indicator-square-d.obj
  artifactKey: Guid(b1cd9b10e54640c409a3994ba9657da3) Importer(815301076,1909f56bfc062723c751e8b465ee728b)
Start importing Assets/Kenney - Prototype/Models/OBJ format/indicator-square-d.obj using Guid(b1cd9b10e54640c409a3994ba9657da3) Importer(815301076,1909f56bfc062723c751e8b465ee728b) (PreviewImporter) -> (artifact id: '88e2df1e25f4209be75afd38f3d69029') in 0.0465672 seconds
Number of updated asset objects reloaded before import = 0Number of asset objects unloaded after import = 11

========================================================================
Received Import Request.
  Time since last request: 0.249366 seconds.
  path: Assets/Kenney - Prototype/Models/OBJ format/ladder.obj
  artifactKey: Guid(4262e9f993e79c14fb03e0e28aa20ea2) Importer(815301076,1909f56bfc062723c751e8b465ee728b)
Start importing Assets/Kenney - Prototype/Models/OBJ format/ladder.obj using Guid(4262e9f993e79c14fb03e0e28aa20ea2) Importer(815301076,1909f56bfc062723c751e8b465ee728b) (PreviewImporter) -> (artifact id: '504e6dcd7f27b5c4f942c0e588e9d787') in 0.059968 seconds
Number of updated asset objects reloaded before import = 0Number of asset objects unloaded after import = 11

========================================================================
Received Import Request.
  Time since last request: 0.000028 seconds.
  path: Assets/Kenney - Prototype/Models/OBJ format/number-0.obj
  artifactKey: Guid(12e8579c2b6061a4dbcb73db7ff4279b) Importer(815301076,1909f56bfc062723c751e8b465ee728b)
Start importing Assets/Kenney - Prototype/Models/OBJ format/number-0.obj using Guid(12e8579c2b6061a4dbcb73db7ff4279b) Importer(815301076,1909f56bfc062723c751e8b465ee728b) (PreviewImporter) -> (artifact id: '12e288bb60f7637afee7206a5b426e9e') in 0.0508614 seconds
Number of updated asset objects reloaded before import = 0Number of asset objects unloaded after import = 11

========================================================================
Received Import Request.
  Time since last request: 0.962865 seconds.
  path: Assets/Kenney - Prototype/Models/OBJ format/number-1.obj
  artifactKey: Guid(ea07e1e426d0d1d4897b0f4750d6ac34) Importer(815301076,1909f56bfc062723c751e8b465ee728b)
Start importing Assets/Kenney - Prototype/Models/OBJ format/number-1.obj using Guid(ea07e1e426d0d1d4897b0f4750d6ac34) Importer(815301076,1909f56bfc062723c751e8b465ee728b) (PreviewImporter) -> (artifact id: 'd400e55db5fe1969aa9c1ae880179606') in 0.0502605 seconds
Number of updated asset objects reloaded before import = 0Number of asset objects unloaded after import = 11

========================================================================
Received Import Request.
  Time since last request: 0.000037 seconds.
  path: Assets/Kenney - Prototype/Models/OBJ format/number-5.obj
  artifactKey: Guid(566a85147ab9eb64086cc5b7f24264ae) Importer(815301076,1909f56bfc062723c751e8b465ee728b)
Start importing Assets/Kenney - Prototype/Models/OBJ format/number-5.obj using Guid(566a85147ab9eb64086cc5b7f24264ae) Importer(815301076,1909f56bfc062723c751e8b465ee728b) (PreviewImporter) -> (artifact id: 'fc8afc6ee6b277eab6ee1ef32cd02a3d') in 0.0449038 seconds
Number of updated asset objects reloaded before import = 0Number of asset objects unloaded after import = 11

========================================================================
Received Import Request.
  Time since last request: 0.592948 seconds.
  path: Assets/Kenney - Prototype/Models/OBJ format/number-7.obj
  artifactKey: Guid(2570246a391ea2e4f9a62aa0c89f71e8) Importer(815301076,1909f56bfc062723c751e8b465ee728b)
Start importing Assets/Kenney - Prototype/Models/OBJ format/number-7.obj using Guid(2570246a391ea2e4f9a62aa0c89f71e8) Importer(815301076,1909f56bfc062723c751e8b465ee728b) (PreviewImporter) -> (artifact id: '7e8b8fd07d0ad0462afd9aa47b4014d3') in 0.0547225 seconds
Number of updated asset objects reloaded before import = 0Number of asset objects unloaded after import = 11

========================================================================
Received Import Request.
  Time since last request: 0.000031 seconds.
  path: Assets/Kenney - Prototype/Models/OBJ format/number-double-2.obj
  artifactKey: Guid(99501de334a066d49be9228bbbcb7df5) Importer(815301076,1909f56bfc062723c751e8b465ee728b)
Start importing Assets/Kenney - Prototype/Models/OBJ format/number-double-2.obj using Guid(99501de334a066d49be9228bbbcb7df5) Importer(815301076,1909f56bfc062723c751e8b465ee728b) (PreviewImporter) -> (artifact id: '6ea6bbbc3830b266370ed2c31a7acf9a') in 0.0488596 seconds
Number of updated asset objects reloaded before import = 0Number of asset objects unloaded after import = 11

========================================================================
Received Import Request.
  Time since last request: 0.019148 seconds.
  path: Assets/Kenney - Prototype/Models/OBJ format/number-double-3.obj
  artifactKey: Guid(f13f5e136159392478a774970fb6ef7b) Importer(815301076,1909f56bfc062723c751e8b465ee728b)
Start importing Assets/Kenney - Prototype/Models/OBJ format/number-double-3.obj using Guid(f13f5e136159392478a774970fb6ef7b) Importer(815301076,1909f56bfc062723c751e8b465ee728b) (PreviewImporter) -> (artifact id: '84fa43919424ac42849629d30990da10') in 0.03743 seconds
Number of updated asset objects reloaded before import = 0Number of asset objects unloaded after import = 11

========================================================================
Received Import Request.
  Time since last request: 0.000028 seconds.
  path: Assets/Kenney - Prototype/Models/OBJ format/number-double-7.obj
  artifactKey: Guid(f128745aedc506d498b0a95a77804233) Importer(815301076,1909f56bfc062723c751e8b465ee728b)
Start importing Assets/Kenney - Prototype/Models/OBJ format/number-double-7.obj using Guid(f128745aedc506d498b0a95a77804233) Importer(815301076,1909f56bfc062723c751e8b465ee728b) (PreviewImporter) -> (artifact id: 'd438a1f42cb9c347d660e9f0f0e2f2c3') in 0.0509286 seconds
Number of updated asset objects reloaded before import = 0Number of asset objects unloaded after import = 11

========================================================================
Received Import Request.
  Time since last request: 0.474452 seconds.
  path: Assets/Kenney - Prototype/Models/OBJ format/number-double-9.obj
  artifactKey: Guid(572b01cf03e939444a74da3a7610a73e) Importer(815301076,1909f56bfc062723c751e8b465ee728b)
Start importing Assets/Kenney - Prototype/Models/OBJ format/number-double-9.obj using Guid(572b01cf03e939444a74da3a7610a73e) Importer(815301076,1909f56bfc062723c751e8b465ee728b) (PreviewImporter) -> (artifact id: 'b905169960a7391dd1499c5fd61d8de7') in 0.0430342 seconds
Number of updated asset objects reloaded before import = 0Number of asset objects unloaded after import = 11

========================================================================
Received Import Request.
  Time since last request: 0.000031 seconds.
  path: Assets/Kenney - Prototype/Models/OBJ format/pipe-half-section.obj
  artifactKey: Guid(0bb1ab10fb013ff4c94fc5e91028b50f) Importer(815301076,1909f56bfc062723c751e8b465ee728b)
Start importing Assets/Kenney - Prototype/Models/OBJ format/pipe-half-section.obj using Guid(0bb1ab10fb013ff4c94fc5e91028b50f) Importer(815301076,1909f56bfc062723c751e8b465ee728b) (PreviewImporter) -> (artifact id: '50a34734b2ce74cc14ceae4ae3a65793') in 0.0387074 seconds
Number of updated asset objects reloaded before import = 0Number of asset objects unloaded after import = 11

========================================================================
Received Import Request.
  Time since last request: 0.000031 seconds.
  path: Assets/Kenney - Prototype/Models/OBJ format/shape-cube-half.obj
  artifactKey: Guid(873f6bee1dbc4284db4e1c6f60e87618) Importer(815301076,1909f56bfc062723c751e8b465ee728b)
Start importing Assets/Kenney - Prototype/Models/OBJ format/shape-cube-half.obj using Guid(873f6bee1dbc4284db4e1c6f60e87618) Importer(815301076,1909f56bfc062723c751e8b465ee728b) (PreviewImporter) -> (artifact id: 'dfcc4c786e07d6717275cb64f3f1290b') in 0.0317242 seconds
Number of updated asset objects reloaded before import = 0Number of asset objects unloaded after import = 11

========================================================================
Received Import Request.
  Time since last request: 0.000033 seconds.
  path: Assets/Kenney - Prototype/Models/OBJ format/shape-cube.obj
  artifactKey: Guid(070bc91f3c457be44b0d140c9d52c016) Importer(815301076,1909f56bfc062723c751e8b465ee728b)
Start importing Assets/Kenney - Prototype/Models/OBJ format/shape-cube.obj using Guid(070bc91f3c457be44b0d140c9d52c016) Importer(815301076,1909f56bfc062723c751e8b465ee728b) (PreviewImporter) -> (artifact id: 'f10019c232cbadde432813e384698ff1') in 0.0370981 seconds
Number of updated asset objects reloaded before import = 0Number of asset objects unloaded after import = 11

========================================================================
Received Import Request.
  Time since last request: 0.288869 seconds.
  path: Assets/Kenney - Prototype/Models/OBJ format/shape-cylinder-half.obj
  artifactKey: Guid(aef9387216f160d41925d2fa8521c42a) Importer(815301076,1909f56bfc062723c751e8b465ee728b)
Start importing Assets/Kenney - Prototype/Models/OBJ format/shape-cylinder-half.obj using Guid(aef9387216f160d41925d2fa8521c42a) Importer(815301076,1909f56bfc062723c751e8b465ee728b) (PreviewImporter) -> (artifact id: '3510bbe82cd0915b8ffad9adc916ee5a') in 0.0413176 seconds
Number of updated asset objects reloaded before import = 0Number of asset objects unloaded after import = 11

========================================================================
Received Import Request.
  Time since last request: 0.000030 seconds.
  path: Assets/Kenney - Prototype/Models/OBJ format/shape-hexagon-half.obj
  artifactKey: Guid(f07f9810f50d93c4f80f563b2afb25f6) Importer(815301076,1909f56bfc062723c751e8b465ee728b)
Start importing Assets/Kenney - Prototype/Models/OBJ format/shape-hexagon-half.obj using Guid(f07f9810f50d93c4f80f563b2afb25f6) Importer(815301076,1909f56bfc062723c751e8b465ee728b) (PreviewImporter) -> (artifact id: '238505605788c27a33ba667fbc6022f3') in 0.0367015 seconds
Number of updated asset objects reloaded before import = 0Number of asset objects unloaded after import = 11

========================================================================
Received Import Request.
  Time since last request: 0.510760 seconds.
  path: Assets/Kenney - Prototype/Models/OBJ format/shape-hollow-cylinder-half.obj
  artifactKey: Guid(b57bebfaee81e4c46be4e311cc3053cf) Importer(815301076,1909f56bfc062723c751e8b465ee728b)
Start importing Assets/Kenney - Prototype/Models/OBJ format/shape-hollow-cylinder-half.obj using Guid(b57bebfaee81e4c46be4e311cc3053cf) Importer(815301076,1909f56bfc062723c751e8b465ee728b) (PreviewImporter) -> (artifact id: 'bdd2d38796eb027b90a26897a420065b') in 0.0398263 seconds
Number of updated asset objects reloaded before import = 0Number of asset objects unloaded after import = 11

========================================================================
Received Import Request.
  Time since last request: 0.000031 seconds.
  path: Assets/Kenney - Prototype/Models/OBJ format/shape-triangular-prism.obj
  artifactKey: Guid(8412a3843094ff94a8898d6a493b5a8b) Importer(815301076,1909f56bfc062723c751e8b465ee728b)
Start importing Assets/Kenney - Prototype/Models/OBJ format/shape-triangular-prism.obj using Guid(8412a3843094ff94a8898d6a493b5a8b) Importer(815301076,1909f56bfc062723c751e8b465ee728b) (PreviewImporter) -> (artifact id: 'd44dcc76f6434ed361094b805d464e11') in 0.0383397 seconds
Number of updated asset objects reloaded before import = 0Number of asset objects unloaded after import = 11

========================================================================
Received Import Request.
  Time since last request: 0.531404 seconds.
  path: Assets/Kenney - Prototype/Models/OBJ format/shape-triangular-prism-low.obj
  artifactKey: Guid(dd8902fe7bc720245a1211f9d25592e3) Importer(815301076,1909f56bfc062723c751e8b465ee728b)
Start importing Assets/Kenney - Prototype/Models/OBJ format/shape-triangular-prism-low.obj using Guid(dd8902fe7bc720245a1211f9d25592e3) Importer(815301076,1909f56bfc062723c751e8b465ee728b) (PreviewImporter) -> (artifact id: '748f2dff4d728a0849799e48f3a84a54') in 0.0398471 seconds
Number of updated asset objects reloaded before import = 0Number of asset objects unloaded after import = 11

========================================================================
Received Import Request.
  Time since last request: 0.000025 seconds.
  path: Assets/Kenney - Prototype/Models/OBJ format/stairs-diagonal-small-narrow.obj
  artifactKey: Guid(8afaca420598cc741a8859e0a0b98c1e) Importer(815301076,1909f56bfc062723c751e8b465ee728b)
Start importing Assets/Kenney - Prototype/Models/OBJ format/stairs-diagonal-small-narrow.obj using Guid(8afaca420598cc741a8859e0a0b98c1e) Importer(815301076,1909f56bfc062723c751e8b465ee728b) (PreviewImporter) -> (artifact id: 'f5141d1d87521d58970f0f2049376fac') in 0.0371984 seconds
Number of updated asset objects reloaded before import = 0Number of asset objects unloaded after import = 11

========================================================================
Received Import Request.
  Time since last request: 1.239958 seconds.
  path: Assets/Kenney - Prototype/Models/OBJ format/stairs-narrow.obj
  artifactKey: Guid(ef23c6b5fef6f98438371fed5b2e1446) Importer(815301076,1909f56bfc062723c751e8b465ee728b)
Start importing Assets/Kenney - Prototype/Models/OBJ format/stairs-narrow.obj using Guid(ef23c6b5fef6f98438371fed5b2e1446) Importer(815301076,1909f56bfc062723c751e8b465ee728b) (PreviewImporter) -> (artifact id: 'aaa12831a164c4df9066ce19f0ccee50') in 0.047099 seconds
Number of updated asset objects reloaded before import = 0Number of asset objects unloaded after import = 11

========================================================================
Received Import Request.
  Time since last request: 0.000031 seconds.
  path: Assets/Kenney - Prototype/Models/OBJ format/target-a-round.obj
  artifactKey: Guid(ddcc6a04f0f81df4782540a7389ccc77) Importer(815301076,1909f56bfc062723c751e8b465ee728b)
Start importing Assets/Kenney - Prototype/Models/OBJ format/target-a-round.obj using Guid(ddcc6a04f0f81df4782540a7389ccc77) Importer(815301076,1909f56bfc062723c751e8b465ee728b) (PreviewImporter) -> (artifact id: 'b35b669b9df6fa498ace53f2e37f0d6d') in 0.0450847 seconds
Number of updated asset objects reloaded before import = 0Number of asset objects unloaded after import = 11

========================================================================
Received Import Request.
  Time since last request: 0.000031 seconds.
  path: Assets/Kenney - Prototype/Models/OBJ format/target-b-square.obj
  artifactKey: Guid(49213f978dad813458c66da833db2968) Importer(815301076,1909f56bfc062723c751e8b465ee728b)
Start importing Assets/Kenney - Prototype/Models/OBJ format/target-b-square.obj using Guid(49213f978dad813458c66da833db2968) Importer(815301076,1909f56bfc062723c751e8b465ee728b) (PreviewImporter) -> (artifact id: '81c866d18b698eb03fd4f020d2cd949f') in 0.0413265 seconds
Number of updated asset objects reloaded before import = 0Number of asset objects unloaded after import = 11

========================================================================
Received Import Request.
  Time since last request: 0.000042 seconds.
  path: Assets/Kenney - Prototype/Models/OBJ format/wall.obj
  artifactKey: Guid(3a34887fb8adfdc4dbb6cf234a0c9076) Importer(815301076,1909f56bfc062723c751e8b465ee728b)
Start importing Assets/Kenney - Prototype/Models/OBJ format/wall.obj using Guid(3a34887fb8adfdc4dbb6cf234a0c9076) Importer(815301076,1909f56bfc062723c751e8b465ee728b) (PreviewImporter) -> (artifact id: '02ec0ba130b359905e096c7200fac048') in 0.0446711 seconds
Number of updated asset objects reloaded before import = 0Number of asset objects unloaded after import = 11

========================================================================
Received Import Request.
  Time since last request: 0.000041 seconds.
  path: Assets/Kenney - Prototype/Models/OBJ format/wall-corner-low.obj
  artifactKey: Guid(7c061e330eae3e3458391ec61463da25) Importer(815301076,1909f56bfc062723c751e8b465ee728b)
Start importing Assets/Kenney - Prototype/Models/OBJ format/wall-corner-low.obj using Guid(7c061e330eae3e3458391ec61463da25) Importer(815301076,1909f56bfc062723c751e8b465ee728b) (PreviewImporter) -> (artifact id: '59bb9b26a9350018d3ebe4041a49ce45') in 0.0400282 seconds
Number of updated asset objects reloaded before import = 0Number of asset objects unloaded after import = 11

========================================================================
Received Import Request.
  Time since last request: 1.862572 seconds.
  path: Assets/Kenney - Prototype/Models/OBJ format/wall-corner-rounded.obj
  artifactKey: Guid(1a0a47ae3d7e56540be6bc70c39640e3) Importer(815301076,1909f56bfc062723c751e8b465ee728b)
Start importing Assets/Kenney - Prototype/Models/OBJ format/wall-corner-rounded.obj using Guid(1a0a47ae3d7e56540be6bc70c39640e3) Importer(815301076,1909f56bfc062723c751e8b465ee728b) (PreviewImporter) -> (artifact id: '78863baa7302842b15fed7de01ce0d94') in 0.0558492 seconds
Number of updated asset objects reloaded before import = 0Number of asset objects unloaded after import = 11

========================================================================
Received Import Request.
  Time since last request: 0.000033 seconds.
  path: Assets/Kenney - Prototype/Models/OBJ format/wall-diagonal-low.obj
  artifactKey: Guid(2c62a0316d0a0a64c9798407ac1c6643) Importer(815301076,1909f56bfc062723c751e8b465ee728b)
Start importing Assets/Kenney - Prototype/Models/OBJ format/wall-diagonal-low.obj using Guid(2c62a0316d0a0a64c9798407ac1c6643) Importer(815301076,1909f56bfc062723c751e8b465ee728b) (PreviewImporter) -> (artifact id: '4f2375dd6eb522a8e0e3cc47f9e76113') in 0.0605452 seconds
Number of updated asset objects reloaded before import = 0Number of asset objects unloaded after import = 11

========================================================================
Received Import Request.
  Time since last request: 0.119679 seconds.
  path: Assets/Kenney - Prototype/Models/OBJ format/wall-doorway-round.obj
  artifactKey: Guid(edf205ce3d70d394b9dc45a914ffdc06) Importer(815301076,1909f56bfc062723c751e8b465ee728b)
Start importing Assets/Kenney - Prototype/Models/OBJ format/wall-doorway-round.obj using Guid(edf205ce3d70d394b9dc45a914ffdc06) Importer(815301076,1909f56bfc062723c751e8b465ee728b) (PreviewImporter) -> (artifact id: '236b432aa819810ed082eef6eb318bc6') in 0.0495567 seconds
Number of updated asset objects reloaded before import = 0Number of asset objects unloaded after import = 11

========================================================================
Received Import Request.
  Time since last request: 0.000035 seconds.
  path: Assets/Kenney - Prototype/Models/OBJ format/wall-low.obj
  artifactKey: Guid(2cf9a8c0e5f2ce84f935d927e379f903) Importer(815301076,1909f56bfc062723c751e8b465ee728b)
Start importing Assets/Kenney - Prototype/Models/OBJ format/wall-low.obj using Guid(2cf9a8c0e5f2ce84f935d927e379f903) Importer(815301076,1909f56bfc062723c751e8b465ee728b) (PreviewImporter) -> (artifact id: 'f9b2da7d81fc66be42be6f09e89bb1ec') in 0.0505282 seconds
Number of updated asset objects reloaded before import = 0Number of asset objects unloaded after import = 11

========================================================================
Received Import Request.
  Time since last request: 0.930357 seconds.
  path: Assets/Kenney - Prototype/Models/OBJ format/wall-round-low.obj
  artifactKey: Guid(cae11cd7d341ea84cbe5c1354cae6f3e) Importer(815301076,1909f56bfc062723c751e8b465ee728b)
Start importing Assets/Kenney - Prototype/Models/OBJ format/wall-round-low.obj using Guid(cae11cd7d341ea84cbe5c1354cae6f3e) Importer(815301076,1909f56bfc062723c751e8b465ee728b) (PreviewImporter) -> (artifact id: '9d24c0ad6d8b85b472b6ce085e39a766') in 0.0556432 seconds
Number of updated asset objects reloaded before import = 0Number of asset objects unloaded after import = 11

========================================================================
Received Import Request.
  Time since last request: 0.000036 seconds.
  path: Assets/Kenney - Prototype/Models/OBJ format/wall-window-cutout-large.obj
  artifactKey: Guid(f0d6257d862cd6a41b7f7fd6d0abfb1d) Importer(815301076,1909f56bfc062723c751e8b465ee728b)
Start importing Assets/Kenney - Prototype/Models/OBJ format/wall-window-cutout-large.obj using Guid(f0d6257d862cd6a41b7f7fd6d0abfb1d) Importer(815301076,1909f56bfc062723c751e8b465ee728b) (PreviewImporter) -> (artifact id: 'b18686e344e84bcba774ec0a8cc06282') in 0.0501663 seconds
Number of updated asset objects reloaded before import = 0Number of asset objects unloaded after import = 11

========================================================================
Received Import Request.
  Time since last request: 323.862067 seconds.
  path: Assets/Kenney - Prototype/Models/OBJ format/wall-window-cutout-small.obj
  artifactKey: Guid(01e93d6d040e1ef428cd16caecc9fddd) Importer(815301076,1909f56bfc062723c751e8b465ee728b)
Start importing Assets/Kenney - Prototype/Models/OBJ format/wall-window-cutout-small.obj using Guid(01e93d6d040e1ef428cd16caecc9fddd) Importer(815301076,1909f56bfc062723c751e8b465ee728b) (PreviewImporter) -> (artifact id: 'c8707e76cb2a6b4ebecbe249796f3625') in 0.0582455 seconds
Number of updated asset objects reloaded before import = 0Number of asset objects unloaded after import = 11

========================================================================
Received Import Request.
  Time since last request: 0.000034 seconds.
  path: Assets/Kenney - Prototype/Models/OBJ format/wall-window-medium.obj
  artifactKey: Guid(a2b2f0d83bf7f4e4e9f7b4637415531a) Importer(815301076,1909f56bfc062723c751e8b465ee728b)
Start importing Assets/Kenney - Prototype/Models/OBJ format/wall-window-medium.obj using Guid(a2b2f0d83bf7f4e4e9f7b4637415531a) Importer(815301076,1909f56bfc062723c751e8b465ee728b) (PreviewImporter) -> (artifact id: '621685e5c80d794f049b0b8e8a89f5ea') in 0.0392912 seconds
Number of updated asset objects reloaded before import = 0Number of asset objects unloaded after import = 11

========================================================================
Received Import Request.
  Time since last request: 0.000038 seconds.
  path: Assets/Kenney - Prototype/Models/OBJ format/wall-window-small.obj
  artifactKey: Guid(75eb68d36e06aba41ae7778ea3214073) Importer(815301076,1909f56bfc062723c751e8b465ee728b)
Start importing Assets/Kenney - Prototype/Models/OBJ format/wall-window-small.obj using Guid(75eb68d36e06aba41ae7778ea3214073) Importer(815301076,1909f56bfc062723c751e8b465ee728b) (PreviewImporter) -> (artifact id: '85553f3a30014616d2e4292ce41389cb') in 0.0401893 seconds
Number of updated asset objects reloaded before import = 0Number of asset objects unloaded after import = 11

Editor requested this worker to shutdown with reason: Scaling down because of idle timeout
AssetImportWorker is now disconnected from the server
Process exiting
Exiting without the bug reporter. Application will terminate with return code 0